This is LuaHBTeX, Version 1.18.0 (TeX Live 2024)  (format=lualatex 2025.1.23)  30 JAN 2025 17:16
 restricted system commands enabled.
 file:line:error style messages enabled.
**/Users/akira.nieda/Documents/Latex/data4_report/resume
(/Users/akira.nieda/Documents/Latex/data4_report/resume.tex
LaTeX2e <2024-11-01> patch level 1
L3 programming layer <2024-12-25>
Lua module: luaotfload 2024-02-14 v3.28 Lua based OpenType font support
Lua module: lualibs 2023-07-13 v2.76 ConTeXt Lua standard libraries.
Lua module: lualibs-extended 2023-07-13 v2.76 ConTeXt Lua libraries -- extended collection.
luaotfload | conf : Root cache directory is "/Users/akira.nieda/Library/texlive/2024/texmf-var/luatex-cache/generic/names".
luaotfload | init : Loading fontloader "fontloader-2023-12-28.lua" from kpse-resolved path "/usr/local/texlive/2024/texmf-dist/tex/luatex/luaotfload/fontloader-2023-12-28.lua".
Lua-only attribute luaotfload@noligature = 1
luaotfload | init : Context OpenType loader version 3.134
Inserting `luaotfload.node_processor' in `pre_linebreak_filter'.
Inserting `luaotfload.node_processor' in `hpack_filter'.
Inserting `luaotfload.glyph_stream' in `glyph_stream_provider'.
Inserting `luaotfload.define_font' in `define_font'.
Lua-only attribute luaotfload_color_attribute = 2
luaotfload | conf : Root cache directory is "/Users/akira.nieda/Library/texlive/2024/texmf-var/luatex-cache/generic/names".
Inserting `luaotfload.harf.strip_prefix' in `find_opentype_file'.
Inserting `luaotfload.harf.strip_prefix' in `find_truetype_file'.
Removing  `luaotfload.glyph_stream' from `glyph_stream_provider'.
Inserting `luaotfload.harf.glyphstream' in `glyph_stream_provider'.
Inserting `luaotfload.harf.finalize_vlist' in `post_linebreak_filter'.
Inserting `luaotfload.harf.finalize_hlist' in `hpack_filter'.
Inserting `luaotfload.cleanup_files' in `wrapup_run'.
Inserting `luaotfload.harf.finalize_unicode' in `finish_pdffile'.
Inserting `luaotfload.glyphinfo' in `glyph_info'.
Lua-only attribute luaotfload.letterspace_done = 3
Inserting `luaotfload.aux.set_sscale_dimens' in `luaotfload.patch_font'.
Inserting `luaotfload.aux.set_font_index' in `luaotfload.patch_font'.
Inserting `luaotfload.aux.patch_cambria_domh' in `luaotfload.patch_font'.
Inserting `luaotfload.aux.fixup_fontdata' in `luaotfload.patch_font_unsafe'.
Inserting `luaotfload.aux.set_capheight' in `luaotfload.patch_font'.
Inserting `luaotfload.aux.set_xheight' in `luaotfload.patch_font'.
Inserting `luaotfload.rewrite_fontname' in `luaotfload.patch_font'.
Inserting `tracingstacklevels' in `input_level_string'. (/usr/local/texlive/2024/texmf-dist/tex/luatex/luatexja/ltjsarticle.cls
Document Class: ltjsarticle 2023/07/26 ltjsclasses 
(/usr/local/texlive/2024/texmf-dist/tex/luatex/luatexja/luatexja.sty
Package: luatexja 2024-10-14 Japanese Typesetting with Lua(La)TeX
 (/usr/local/texlive/2024/texmf-dist/tex/luatex/luatexja/luatexja-core.sty
Package: luatexja-core 2023-10-07 Core of LuaTeX-ja
 (/usr/local/texlive/2024/texmf-dist/tex/generic/infwarerr/infwarerr.sty
Package: infwarerr 2019/12/03 v1.5 Providing info/warning/error messages (HO)
) (/usr/local/texlive/2024/texmf-dist/tex/luatex/luatexbase/luatexbase.sty
Package: luatexbase 2015/10/04 v1.3 luatexbase interface to LuaTeX 
 (/usr/local/texlive/2024/texmf-dist/tex/luatex/ctablestack/ctablestack.sty
Package: ctablestack 2015/10/01 v1.0 Catcode table stable support
\@catcodetablestackcnt=\count194
)
\CatcodeTableOther=\catcodetable14
\CatcodeTableExpl=\catcodetable15
) (/usr/local/texlive/2024/texmf-dist/tex/generic/ltxcmds/ltxcmds.sty
Package: ltxcmds 2023-12-04 v1.26 LaTeX kernel commands for general use (HO)
) (/usr/local/texlive/2024/texmf-dist/tex/generic/pdftexcmds/pdftexcmds.sty
Package: pdftexcmds 2020-06-27 v0.33 Utility functions of pdfTeX for LuaTeX (HO)
 (/usr/local/texlive/2024/texmf-dist/tex/generic/iftex/iftex.sty
Package: iftex 2024/12/12 v1.0g TeX engine tests
)
Package pdftexcmds Info: \pdf@primitive is available.
Package pdftexcmds Info: \pdf@ifprimitive is available.
Package pdftexcmds Info: \pdfdraftmode found.
\pdftexcmds@toks=\toks17
) (/usr/local/texlive/2024/texmf-dist/tex/latex/xkeyval/xkeyval.sty
Package: xkeyval 2022/06/16 v2.9 package option processing (HA)
 (/usr/local/texlive/2024/texmf-dist/tex/generic/xkeyval/xkeyval.tex (/usr/local/texlive/2024/texmf-dist/tex/generic/xkeyval/xkvutils.tex
\XKV@toks=\toks18
\XKV@tempa@toks=\toks19
 (/usr/local/texlive/2024/texmf-dist/tex/generic/xkeyval/keyval.tex))
\XKV@depth=\count195
File: xkeyval.tex 2014/12/03 v2.7a key=value parser (HA)
)) (/usr/local/texlive/2024/texmf-dist/tex/latex/etoolbox/etoolbox.sty
Package: etoolbox 2020/10/05 v2.5k e-TeX tools for LaTeX (JAW)
\etb@tempcnta=\count196
) (/usr/local/texlive/2024/texmf-dist/tex/latex/everyhook/everyhook.sty (/usr/local/texlive/2024/texmf-dist/tex/latex/svn-prov/svn-prov.sty
Package: svn-prov 2010/04/24 v3.1862 Package Date/Version from SVN Keywords
)
Package: everyhook 2014/11/26 v1.2 (SVN Rev: 12)\ Hooks for low level TeX everyX primitives.
\everypar=\toks20
\frozen@everymath=\toks21
\frozen@everydisplay=\toks22
\everyhbox=\toks23
\everyvbox=\toks24
\everycr=\toks25
)
\ltjlineendcomment=\count197
\ltj@dimen@zw=\dimen140
\ltj@dimen@zh=\dimen141
\ltj@dimen@jQ=\dimen142
\ltj@icflag=\attribute4
\ltj@curjfnt=\attribute5
\ltj@curtfnt=\attribute6
\ltj@charclass=\attribute7
\ltj@charcode=\attribute8
\ltj@autospc=\attribute9
\ltj@autoxspc=\attribute10
\ltj@yablshift=\attribute11
\ltj@ykblshift=\attribute12
\ltj@tablshift=\attribute13
\ltj@tkblshift=\attribute14
\jfam=\attribute15
\ltj@vert@ori=\attribute16
\ltj@dir=\attribute17
\ltj@@japanese=\language2
\ltj@tempcnta=\count198
\ltj@tempdima=\dimen143
\ltj@@stack=\count199
\ltj@@group@level=\count266
\ltj@kcat0=\attribute18
\ltj@kcat1=\attribute19
\ltj@kcat2=\attribute20
\ltj@kcat3=\attribute21
\ltj@kcat4=\attribute22
\ltj@kcat5=\attribute23
\ltj@kcat6=\attribute24
Custom whatsit inhibitglue = 1
Custom whatsit stack_marker = 2
Custom whatsit begin_par = 3
Custom whatsit direction = 4
Custom whatsit box_boundary = 5
Custom whatsit ja_al_boundary = 6(load cache: ltj-cid-auto-adobe-japan1.luc)
Lua module: luatexja.charrange 2022-08-19 Handling the range of Japanese characters
Lua module: luatexja.stack 2022-08-20 LuaTeX-ja stack system
Inserting `ltj.create_dir_whatsit' in `hpack_filter'.
Inserting `ltj.create_dir_whatsit' in `post_linebreak_filter'.
Inserting `ltj.direction' in `vpack_filter'.
Inserting `ltj.direction' in `pre_output_filter'.
Inserting `ltj.lineskip' in `post_linebreak_filter'.
Inserting `ltj.lineskip' in `append_to_vlist_filter'.
Lua module: luatexja.jfont 2024-07-25 Loader for Japanese fonts
Removing  `luaotfload.define_font' from `define_font'.
Inserting `luatexja.font_callback' in `define_font'.
Removing  `luaotfload.aux.set_sscale_dimens' from `luaotfload.patch_font'.
Removing  `luaotfload.aux.set_font_index' from `luaotfload.patch_font'.
Removing  `luaotfload.aux.patch_cambria_domh' from `luaotfload.patch_font'.
Removing  `luaotfload.aux.set_capheight' from `luaotfload.patch_font'.
Removing  `luaotfload.aux.set_xheight' from `luaotfload.patch_font'.
Removing  `luaotfload.rewrite_fontname' from `luaotfload.patch_font'.
Inserting `ltj.prepare_extra_data' in `luaotfload.patch_font'.
Inserting `luaotfload.aux.set_sscale_dimens' in `luaotfload.patch_font'.
Inserting `luaotfload.aux.set_font_index' in `luaotfload.patch_font'.
Inserting `luaotfload.aux.patch_cambria_domh' in `luaotfload.patch_font'.
Inserting `luaotfload.aux.set_capheight' in `luaotfload.patch_font'.
Inserting `luaotfload.aux.set_xheight' in `luaotfload.patch_font'.
Inserting `luaotfload.rewrite_fontname' in `luaotfload.patch_font'.
Inserting `ltj.prepare_extra_data' in `luatexja.define_font'.
Inserting `ltj.get_vert_form' in `luatexja.define_jfont'.
Removing  `ltj.prepare_extra_data' from `luaotfload.patch_font'.
Removing  `luaotfload.aux.set_sscale_dimens' from `luaotfload.patch_font'.
Removing  `luaotfload.aux.set_font_index' from `luaotfload.patch_font'.
Removing  `luaotfload.aux.patch_cambria_domh' from `luaotfload.patch_font'.
Removing  `luaotfload.aux.set_capheight' from `luaotfload.patch_font'.
Removing  `luaotfload.aux.set_xheight' from `luaotfload.patch_font'.
Removing  `luaotfload.rewrite_fontname' from `luaotfload.patch_font'.
Inserting `ltj.supply_tounicode' in `luaotfload.patch_font'.
Inserting `ltj.prepare_extra_data' in `luaotfload.patch_font'.
Inserting `luaotfload.aux.set_sscale_dimens' in `luaotfload.patch_font'.
Inserting `luaotfload.aux.set_font_index' in `luaotfload.patch_font'.
Inserting `luaotfload.aux.patch_cambria_domh' in `luaotfload.patch_font'.
Inserting `luaotfload.aux.set_capheight' in `luaotfload.patch_font'.
Inserting `luaotfload.aux.set_xheight' in `luaotfload.patch_font'.
Inserting `luaotfload.rewrite_fontname' in `luaotfload.patch_font'.
Inserting `ltj.process_input_buffer' in `process_input_buffer'.
Inserting `ltj.hyphenate' in `hyphenate'.
Removing  `luaotfload.node_processor' from `hpack_filter'.
Removing  `luaotfload.harf.finalize_hlist' from `hpack_filter'.
Removing  `ltj.create_dir_whatsit' from `hpack_filter'.
Inserting `ltj.set_stack_level' in `hpack_filter'.
Inserting `luaotfload.node_processor' in `hpack_filter'.
Inserting `luaotfload.harf.finalize_hlist' in `hpack_filter'.
Inserting `ltj.create_dir_whatsit' in `hpack_filter'.
Removing  `luaotfload.node_processor' from `pre_linebreak_filter'.
Inserting `ltj.set_stack_level' in `pre_linebreak_filter'.
Inserting `luaotfload.node_processor' in `pre_linebreak_filter'.
Lua module: luatexja.jfmglue 2024-10-12 Insertion process of JFM glues, [x]kanjiskip and others
Inserting `luatexja.beginpar.np_info' in `luatexja.jfmglue.whatsit_getinfo'.
Inserting `luatexja.beginpar.np_info_after' in `luatexja.jfmglue.whatsit_after'.
Inserting `ltj.mlist_to_hlist_pre' in `pre_mlist_to_hlist_filter'.
Inserting `ltj.main' in `pre_linebreak_filter'.
Removing  `luaotfload.harf.finalize_hlist' from `hpack_filter'.
Removing  `ltj.create_dir_whatsit' from `hpack_filter'.
Inserting `ltj.main' in `hpack_filter'.
Inserting `luaotfload.harf.finalize_hlist' in `hpack_filter'.
Inserting `ltj.create_dir_whatsit' in `hpack_filter'.
Removing  `ltj.set_stack_level' from `pre_linebreak_filter'.
Removing  `luaotfload.node_processor' from `pre_linebreak_filter'.
Removing  `ltj.main' from `pre_linebreak_filter'.
Inserting `ltj.adjust_icflag' in `pre_linebreak_filter'.
Inserting `ltj.set_stack_level' in `pre_linebreak_filter'.
Inserting `luaotfload.node_processor' in `pre_linebreak_filter'.
Inserting `ltj.main' in `pre_linebreak_filter'.
Removing  `ltj.set_stack_level' from `hpack_filter'.
Removing  `luaotfload.node_processor' from `hpack_filter'.
Removing  `ltj.main' from `hpack_filter'.
Removing  `luaotfload.harf.finalize_hlist' from `hpack_filter'.
Removing  `ltj.create_dir_whatsit' from `hpack_filter'.
Inserting `ltj.adjust_icflag' in `hpack_filter'.
Inserting `ltj.set_stack_level' in `hpack_filter'.
Inserting `luaotfload.node_processor' in `hpack_filter'.
Inserting `ltj.main' in `hpack_filter'.
Inserting `luaotfload.harf.finalize_hlist' in `hpack_filter'.
Inserting `ltj.create_dir_whatsit' in `hpack_filter'. (/usr/local/texlive/2024/texmf-dist/tex/luatex/luatexja/ltj-base.sty
Package: ltj-base 2021-03-16
\ltj@tempcntb=\count267
\ltj@tempcntc=\count268
\ltj@afbox=\box52
)
\ltj@@italic@inner=\luafunction29
\ltj@@start@time@measure@inner=\luafunction30
\ltj@@stop@time@measure@inner=\luafunction31
\ltj@@jfont@inner=\luafunction32
\ltj@zw@inner=\luafunction33
\ltj@zh@inner=\luafunction34
\ltj@reset@globaldefs@inner=\luafunction35
\ltj@restore@globaldefs@inner=\luafunction36
\ltj@@disihb@inner=\luafunction37
\ltj@@ihb@inner=\luafunction38
\ltj@@fakeparbegin@inner=\luafunction39
\ltj@@fakeboxbdd@inner=\luafunction40
\ltj@@ins@xk@inner=\luafunction41
\ltj@@ins@k@inner=\luafunction42
\ltjsetkanjiskip@inner=\luafunction43
\ltjsetxkanjiskip@inner=\luafunction44
\ltj@@getparam@one@inner=\luafunction45
\ltj@alljachar@inner=\luafunction46
\ltj@@lua@populate@insertwhatsit@inner=\luafunction47
\ltj@@vadjust@begin@inner=\luafunction48
\ltj@@vadjust@dirhook@inner=\luafunction49
\ltj@@vadjust@check@dir@inner=\luafunction50
\ltj@@box@dirhook@inner=\luafunction51
\ltj@@reset@badness@inner=\luafunction52
\ltj@@lua@raisebox@inner=\luafunction53
\ltj@@vsplit@inner=\luafunction54
\ltj@@lua@unboxcheckdir@inner=\luafunction55
\ltj@@lua@uncopycheckdir@inner=\luafunction56
\ltj@@lua@uncopy@restore@whatsit@inner=\luafunction57
(load cache: ltj-kinsoku_default.luc) (/usr/local/texlive/2024/texmf-dist/tex/luatex/luatexja/ltj-latex.sty
Package: ltj-latex 2024-05-16 LaTeX support of LuaTeX-ja
Inserting `ltj.direction' in `pre_shipout_filter'. (/usr/local/texlive/2024/texmf-dist/tex/luatex/luatexja/patches/lltjfont.sty
Package: lltjfont 2023-05-16 Patch to NFSS2 for LuaTeX-ja
\ltj@@latex@plv=\count269
 (/usr/local/texlive/2024/texmf-dist/tex/latex/base/tuenc.def
File: tuenc.def 2021/04/29 v2.0v Standard LaTeX file
\@remove@tlig@@@=\luafunction58
LaTeX Font Info:    Redeclaring font encoding TU on input line 105.
)
\Cht=\dimen144
\cht=\dimen145
\Cdp=\dimen146
\cdp=\dimen147
\Cwd=\dimen148
\cwd=\dimen149
\Cvs=\dimen150
\cvs=\dimen151
\Chs=\dimen152
\chs=\dimen153
\cHT=\dimen154
\dstrutbox=\box53
\tstrutbox=\box54
\zstrutbox=\box55
LaTeX Info: Redefining \strut on input line 70.
\ltj@@add@fenc@@inner=\luafunction59
\ltj@@add@kyenc@@inner=\luafunction60
\ltj@@add@ktenc@@inner=\luafunction61
\ltj@@is@kyenc@@inner=\luafunction62
\ltj@@is@ktenc@@inner=\luafunction63
\ltj@@is@kenc@@inner=\luafunction64
\ltj@@is@ffam@@inner=\luafunction65
\ltj@@add@ffam@@inner=\luafunction66
\ltj@@add@kfam@@inner=\luafunction67
\ltj@@adjust@baseline@inner=\luafunction68
LaTeX Info: Redefining \fontencoding on input line 572.
LaTeX Info: Redefining \fontfamily on input line 615.
LaTeX Info: Redefining \fontseries on input line 769.
LaTeX Info: Redefining \fontseriesforce on input line 770.
LaTeX Info: Redefining \fontshape on input line 778.
LaTeX Info: Redefining \fontshapeforce on input line 789.
\ltj@@jfont@@jfmonly@@inner=\luafunction69
\ltj@@does@alt@set@@inner=\luafunction70
\ltj@@cipath@clear@inner=\luafunction71
) (/usr/local/texlive/2024/texmf-dist/tex/luatex/luatexja/patches/lltjdefs.sty
Package: lltjdefs 2024-05-16 Default font settings of LuaTeX-ja
luaotfload | db : Font names database loaded from /Users/akira.nieda/Library/texlive/2024/texmf-var/luatex-cache/generic/names/luaotfload-names.luc.gz(load cache: extra_lmroman10-regular.luc)
LaTeX Font Info:    Font shape `JT3/mc/m/n' will be
(Font)              scaled to size 9.24713pt on input line 69.

(/usr/local/texlive/2024/texmf-dist/tex/luatex/luatexja/jfm-ujisv.lua)
LaTeX Font Info:    Font shape `JY3/mc/m/n' will be
(Font)              scaled to size 9.24713pt on input line 69.
(load cache: extra_haranoajimincho-regular.luc)
(/usr/local/texlive/2024/texmf-dist/tex/luatex/luatexja/jfm-ujis.lua)
\symmincho=\mathgroup4
LaTeX Font Info:    Overwriting symbol font `mincho' in version `bold'
(Font)                  JY3/mc/m/n --> JY3/gt/m/n on input line 78.
) (/usr/local/texlive/2024/texmf-dist/tex/luatex/luatexja/patches/lltjcore.sty
Package: lltjcore 2023-02-26 Patch to LaTeX2e Kernel for LuaTeX-ja
 (/usr/local/texlive/2024/texmf-dist/tex/latex/l3kernel/expl3.sty
Package: expl3 2024-12-25 L3 programming layer (loader) 
 (/usr/local/texlive/2024/texmf-dist/tex/latex/l3backend/l3backend-luatex.def
File: l3backend-luatex.def 2024-05-08 L3 backend support: PDF output (LuaTeX)
\l__color_backend_stack_int=\count270
Inserting `l3color' in `luaotfload.parse_color'.
\l__pdf_internal_box=\box56
))
\@tombowwidth=\dimen155
\@TL=\box57
\@Tl=\box58
\@TC=\box59
\@TR=\box60
\@Tr=\box61
\@BL=\box62
\@Bl=\box63
\@BC=\box64
\@BR=\box65
\@Br=\box66
\@CL=\box67
\@CR=\box68
(load cache: extra_lmmono9-regular.luc)
\@bannertoken=\toks26
\@@paperheight=\dimen156
\@@paperwidth=\dimen157
\@@topmargin=\dimen158
LaTeX Info: Redefining \underline on input line 284.
) (/usr/local/texlive/2024/texmf-dist/tex/luatex/luatexja/patches/lltjp-atbegshi.sty
Package: lltjp-atbegshi 2024-05-14 Patching \shipout hooks for LuaTeX-ja
\l__platex_shipout_dummy_box=\box69
) (/usr/local/texlive/2024/texmf-dist/tex/luatex/luatexja/patches/lltjp-geometry.sty
Package: lltjp-geometry 2024-05-16 Patch to geometry for LuaTeX-ja with vertical writing mode
 (/usr/local/texlive/2024/texmf-dist/tex/generic/iftex/ifluatex.sty
Package: ifluatex 2019/10/25 v1.5 ifluatex legacy package. Use iftex instead.
)))
\ltj@temp@cctb=\catcodetable16
) (/usr/local/texlive/2024/texmf-dist/tex/luatex/luatexja/luatexja-compat.sty
Package: luatexja-compat 2020-08-08 Compatibility with pTeX
(load cache: ltj-jisx0208.luc)
\hour=\count271
\minute=\count272
))
\jsc@mpt=\dimen159
\jsc@mmm=\dimen160
\jsc@smallskipamount=\skip49
LaTeX Font Info:    Font shape `JY3/mc/m/n' will be
(Font)              scaled to size 9.24713pt on input line 416.
\fullwidth=\dimen161
(load cache: extra_lmroman8-regular.luc)
LaTeX Font Info:    Font shape `JT3/mc/m/n' will be
(Font)              scaled to size 7.3977pt on input line 557.
LaTeX Font Info:    Font shape `JY3/mc/m/n' will be
(Font)              scaled to size 7.3977pt on input line 557.
\c@part=\count273
\c@section=\count274
\c@subsection=\count275
\c@subsubsection=\count276
\c@paragraph=\count277
\c@subparagraph=\count278
\@abstractbox=\box70
\c@figure=\count279
\c@table=\count280
\abovecaptionskip=\skip50
\belowcaptionskip=\skip51
LaTeX Info: Redefining \mc on input line 1210.
LaTeX Info: Redefining \gt on input line 1211.
\jsc@tocl@width=\dimen162
\@lnumwidth=\dimen163
\bibindent=\dimen164
 (/usr/local/texlive/2024/texmf-dist/tex/platex/jsclasses/jslogo.sty
Package: jslogo 2019/07/25 okumura, texjporg
LaTeX Info: Redefining \TeX on input line 82.
LaTeX Info: Redefining \LaTeX on input line 135.
LaTeX Info: Redefining \LaTeXe on input line 188.
)
\heisei=\count281
 (/usr/local/texlive/2024/texmf-dist/tex/latex/sttools/stfloats.sty
Package: stfloats 2017/03/27 v3.3 Improve float mechanism and baselineskip settings
\@dblbotnum=\count282
\c@dblbotnumber=\count283
) (/usr/local/texlive/2024/texmf-dist/tex/luatex/luatexja/patches/lltjp-stfloats.sty)) (/usr/local/texlive/2024/texmf-dist/tex/latex/tools/layout.sty
Package: layout 2023-08-20 v1.2e Show layout parameters
\oneinch=\count284
\cnt@paperwidth=\count285
\cnt@paperheight=\count286
\cnt@hoffset=\count287
\cnt@voffset=\count288
\cnt@textheight=\count289
\cnt@textwidth=\count290
\cnt@topmargin=\count291
\cnt@oddsidemargin=\count292
\cnt@evensidemargin=\count293
\cnt@headheight=\count294
\cnt@headsep=\count295
\cnt@marginparsep=\count296
\cnt@marginparwidth=\count297
\cnt@marginparpush=\count298
\cnt@footskip=\count299
\fheight=\count300
\ref@top=\count301
\ref@hoffset=\count302
\ref@voffset=\count303
\ref@head=\count304
\ref@body=\count305
\ref@foot=\count306
\ref@margin=\count307
\ref@marginwidth=\count308
\ref@marginpar=\count309
\Interval=\count310
\ExtraYPos=\count311
\PositionX=\count312
\PositionY=\count313
\ArrowLength=\count314
) (/usr/local/texlive/2024/texmf-dist/tex/latex/url/url.sty
\Urlmuskip=\muskip17
Package: url 2013/09/16  ver 3.4  Verb mode for urls, etc.
) (/usr/local/texlive/2024/texmf-dist/tex/latex/graphics/graphicx.sty
Package: graphicx 2021/09/16 v1.2d Enhanced LaTeX Graphics (DPC,SPQR)
 (/usr/local/texlive/2024/texmf-dist/tex/latex/graphics/graphics.sty
Package: graphics 2024/08/06 v1.4g Standard LaTeX Graphics (DPC,SPQR)
 (/usr/local/texlive/2024/texmf-dist/tex/latex/graphics/trig.sty
Package: trig 2023/12/02 v1.11 sin cos tan (DPC)
) (/usr/local/texlive/2024/texmf-dist/tex/latex/graphics-cfg/graphics.cfg
File: graphics.cfg 2016/06/04 v1.11 sample graphics configuration
)
Package graphics Info: Driver file: luatex.def on input line 106.
 (/usr/local/texlive/2024/texmf-dist/tex/latex/graphics-def/luatex.def
File: luatex.def 2024/04/13 v1.2e Graphics/color driver for luatex
))
\Gin@req@height=\dimen165
\Gin@req@width=\dimen166
) (/usr/local/texlive/2024/texmf-dist/tex/luatex/luatexja/addons/luatexja-preset.sty
Package: luatexja-preset 2024-03-30 Japanese font presets
 (/usr/local/texlive/2024/texmf-dist/tex/latex/l3packages/l3keys2e/l3keys2e.sty
Package: l3keys2e 2024-08-16 LaTeX2e option processing using LaTeX3 keys
)
\g__ltjpreset_applycount_int=\count315
 (/usr/local/texlive/2024/texmf-dist/tex/luatex/luatexja/addons/luatexja-fontspec.sty
Package: luatexja-fontspec 2024-05-14 fontspec support of LuaTeX-ja
 (/usr/local/texlive/2024/texmf-dist/tex/latex/fontspec/fontspec.sty (/usr/local/texlive/2024/texmf-dist/tex/latex/l3packages/xparse/xparse.sty
Package: xparse 2024-08-16 L3 Experimental document command parser
)
Package: fontspec 2024/05/11 v2.9e Font selection for XeLaTeX and LuaLaTeX
Lua module: fontspec 2024/05/11 v2.9e Font selection for XeLaTeX and LuaLaTeX (/usr/local/texlive/2024/texmf-dist/tex/latex/fontspec/fontspec-luatex.sty
Package: fontspec-luatex 2024/05/11 v2.9e Font selection for XeLaTeX and LuaLaTeX
\l__fontspec_script_int=\count316
\l__fontspec_language_int=\count317
\l__fontspec_strnum_int=\count318
\l__fontspec_tmp_int=\count319
\l__fontspec_tmpa_int=\count320
\l__fontspec_tmpb_int=\count321
\l__fontspec_tmpc_int=\count322
\l__fontspec_em_int=\count323
\l__fontspec_emdef_int=\count324
\l__fontspec_strong_int=\count325
\l__fontspec_strongdef_int=\count326
\l__fontspec_tmpa_dim=\dimen167
\l__fontspec_tmpb_dim=\dimen168
\l__fontspec_tmpc_dim=\dimen169
 (/usr/local/texlive/2024/texmf-dist/tex/latex/base/fontenc.sty
Package: fontenc 2021/04/29 v2.0v Standard LaTeX package
) (/usr/local/texlive/2024/texmf-dist/tex/latex/fontspec/fontspec.cfg)(load cache: extra_lmroman10-bold.luc)
LaTeX Font Info:    Font shape `JT3/mc/b/n' in size <10> not available
(Font)              Font shape `JT3/gt/m/n' tried instead on input line 3978.
LaTeX Font Info:    Font shape `JT3/gt/m/n' will be
(Font)              scaled to size 9.24713pt on input line 3978.
LaTeX Font Info:    Font shape `JY3/mc/b/n' in size <10> not available
(Font)              Font shape `JY3/gt/m/n' tried instead on input line 3978.
LaTeX Font Info:    Font shape `JY3/gt/m/n' will be
(Font)              scaled to size 9.24713pt on input line 3978.
(load cache: extra_haranoajigothic-medium.luc))) (/usr/local/texlive/2024/texmf-dist/tex/luatex/luatexja/patches/lltjp-fontspec.sty) (/usr/local/texlive/2024/texmf-dist/tex/luatex/luatexja/addons/luatexja-fontspec-29e.sty
Package: luatexja-fontspec-29e 2024-05-27 fontspec support of LuaTeX-ja
\g__ltj_fontspec_altnumber_int=\count327
))

Package luatexja-preset Warning: Japanese fonts will be scaled by 0.924715.


Package luatexja-fontspec Warning: \addjfontfeature(s) ignored;
(luatexja-fontspec)                it cannot be used with a font that wasn't
(luatexja-fontspec)                selected by luatexja-fontspec.

(load cache: extra_haranoajigothic-heavy.luc)(load cache: extra_haranoajimincho-light.luc)

Package fontspec Info: 
(fontspec)             HaranoAjiMincho-Regular scale = 0.924715.


Package fontspec Info: 
(fontspec)             HaranoAjiMincho-Light scale = 0.924715.


Package fontspec Info: 
(fontspec)             HaranoAjiMincho-Light scale = 0.924715.


Package fontspec Info: 
(fontspec)             HaranoAjiMincho-Regular scale = 0.924715.


Package fontspec Info: 
(fontspec)             HaranoAjiMincho-Regular scale = 0.924715.

(load cache: extra_haranoajimincho-bold.luc)

Package fontspec Info: 
(fontspec)             HaranoAjiMincho-Bold scale = 0.924715.


Package fontspec Info: 
(fontspec)             HaranoAjiMincho-Bold scale = 0.924715.


Package fontspec Info: 
(fontspec)             Font family 'HaranoAjiMincho-Regular.otf(0)' created
(fontspec)             for font 'HaranoAjiMincho-Regular.otf' with options
(fontspec)             [YokoFeatures={JFM=ujis},TateFeatures={JFM=ujisv},Scale=0.924715,Kerning=Off,Script=CJK,FontFace={l}{n}{Font=HaranoAjiMincho-Light.otf,},BoldFont=HaranoAjiMincho-Bold.otf,YokoFeatures={JFM=ujis},TateFeatures={JFM=ujisv},Script=CJK].
(fontspec)              
(fontspec)              This font family consists of the following NFSS
(fontspec)             series/shapes:
(fontspec)              

LaTeX Font Info:    Redeclaring symbol font `mincho' on input line 734.
LaTeX Font Info:    Overwriting symbol font `mincho' in version `normal'
(Font)                  JY3/mc/m/n --> JY3/HaranoAjiMincho-Regular.otf(0)/m/n on input line 734.
LaTeX Font Info:    Overwriting symbol font `mincho' in version `bold'
(Font)                  JY3/gt/m/n --> JY3/HaranoAjiMincho-Regular.otf(0)/m/n on input line 734.
LaTeX Font Info:    Overwriting symbol font `mincho' in version `bold'
(Font)                  JY3/HaranoAjiMincho-Regular.otf(0)/m/n --> JY3/HaranoAjiMincho-Regular.otf(0)/b/n on input line 734.
LaTeX Font Info:    Font shape `JT3/HaranoAjiMincho-Regular.otf(0)/m/n' will be
(Font)              scaled to size 9.24713pt on input line 734.
LaTeX Font Info:    Font shape `JY3/HaranoAjiMincho-Regular.otf(0)/m/n' will be
(Font)              scaled to size 9.24713pt on input line 734.
(load cache: extra_haranoajigothic-regular.luc)

Package fontspec Info: 
(fontspec)             HaranoAjiGothic-Regular scale = 0.924715.


Package fontspec Info: 
(fontspec)             HaranoAjiGothic-Heavy scale = 0.924715.


Package fontspec Info: 
(fontspec)             HaranoAjiGothic-Heavy scale = 0.924715.


Package fontspec Info: 
(fontspec)             HaranoAjiGothic-Regular scale = 0.924715.


Package fontspec Info: 
(fontspec)             HaranoAjiGothic-Regular scale = 0.924715.

(load cache: extra_haranoajigothic-bold.luc)

Package fontspec Info: 
(fontspec)             HaranoAjiGothic-Bold scale = 0.924715.


Package fontspec Info: 
(fontspec)             HaranoAjiGothic-Bold scale = 0.924715.


Package fontspec Info: 
(fontspec)             Font family 'HaranoAjiGothic-Regular.otf(0)' created
(fontspec)             for font 'HaranoAjiGothic-Regular.otf' with options
(fontspec)             [YokoFeatures={JFM=ujis},TateFeatures={JFM=ujisv},Scale=0.924715,Kerning=Off,Script=CJK,FontFace={eb}{n}{Font=HaranoAjiGothic-Heavy.otf,},BoldFont=HaranoAjiGothic-Bold.otf,YokoFeatures={JFM=ujis},TateFeatures={JFM=ujisv},Script=CJK].
(fontspec)              
(fontspec)              This font family consists of the following NFSS
(fontspec)             series/shapes:
(fontspec)              

LaTeX Font Info:    Redeclaring math alphabet \mathgt on input line 734.
LaTeX Font Info:    Overwriting math alphabet `\mathgt' in version `normal'
(Font)                  JY3/gt/m/n --> JY3/HaranoAjiGothic-Regular.otf(0)/m/n on input line 734.
LaTeX Font Info:    Overwriting math alphabet `\mathgt' in version `bold'
(Font)                  JY3/gt/m/n --> JY3/HaranoAjiGothic-Regular.otf(0)/m/n on input line 734.

Package fontspec Info: 
(fontspec)             HaranoAjiGothic-Medium scale = 0.924715.


Package fontspec Info: 
(fontspec)             HaranoAjiGothic-Medium scale = 0.924715.


Package fontspec Info: 
(fontspec)             HaranoAjiGothic-Medium scale = 0.924715.


Package fontspec Info: 
(fontspec)             HaranoAjiGothic-Medium scale = 0.924715.


Package fontspec Info: 
(fontspec)             HaranoAjiGothic-Medium scale = 0.924715.


Package fontspec Info: 
(fontspec)             Font family 'HaranoAjiGothic-Medium.otf(0)' created for
(fontspec)             font 'HaranoAjiGothic-Medium.otf' with options
(fontspec)             [YokoFeatures={JFM=ujis},TateFeatures={JFM=ujisv},Scale=0.924715,Kerning=Off,Script=CJK,BoldFont=HaranoAjiGothic-Medium.otf,YokoFeatures={JFM=ujis},TateFeatures={JFM=ujisv},Script=CJK].
(fontspec)              
(fontspec)              This font family consists of the following NFSS
(fontspec)             series/shapes:
(fontspec)              

) (./resume.sty
Package: resume 
 (/usr/local/texlive/2024/texmf-dist/tex/latex/amsmath/amsmath.sty
Package: amsmath 2024/11/05 v2.17t AMS math features
\@mathmargin=\skip52

For additional information on amsmath, use the `?' option.
(/usr/local/texlive/2024/texmf-dist/tex/latex/amsmath/amstext.sty
Package: amstext 2021/08/26 v2.01 AMS text
 (/usr/local/texlive/2024/texmf-dist/tex/latex/amsmath/amsgen.sty
File: amsgen.sty 1999/11/30 v2.0 generic functions
\@emptytoks=\toks27
\ex@=\dimen170
)) (/usr/local/texlive/2024/texmf-dist/tex/latex/amsmath/amsbsy.sty
Package: amsbsy 1999/11/29 v1.2d Bold Symbols
\pmbraise@=\dimen171
) (/usr/local/texlive/2024/texmf-dist/tex/latex/amsmath/amsopn.sty
Package: amsopn 2022/04/08 v2.04 operator names
)
\inf@bad=\count328
LaTeX Info: Redefining \frac on input line 235.
\uproot@=\count329
\leftroot@=\count330
LaTeX Info: Redefining \overline on input line 398.
LaTeX Info: Redefining \colon on input line 409.
\classnum@=\count331
\DOTSCASE@=\count332
LaTeX Info: Redefining \ldots on input line 495.
LaTeX Info: Redefining \dots on input line 498.
LaTeX Info: Redefining \cdots on input line 619.
\Mathstrutbox@=\box71
\strutbox@=\box72
LaTeX Info: Redefining \big on input line 721.
LaTeX Info: Redefining \Big on input line 722.
LaTeX Info: Redefining \bigg on input line 723.
LaTeX Info: Redefining \Bigg on input line 724.
\big@size=\dimen172
LaTeX Font Info:    Redeclaring font encoding OML on input line 742.
LaTeX Font Info:    Redeclaring font encoding OMS on input line 743.
\macc@depth=\count333
LaTeX Info: Redefining \bmod on input line 904.
LaTeX Info: Redefining \pmod on input line 909.
LaTeX Info: Redefining \smash on input line 939.
LaTeX Info: Redefining \relbar on input line 969.
LaTeX Info: Redefining \Relbar on input line 970.
\c@MaxMatrixCols=\count334
\dotsspace@=\muskip18
\c@parentequation=\count335
\dspbrk@lvl=\count336
\tag@help=\toks28
\row@=\count337
\column@=\count338
\maxfields@=\count339
\andhelp@=\toks29
\eqnshift@=\dimen173
\alignsep@=\dimen174
\tagshift@=\dimen175
\tagwidth@=\dimen176
\totwidth@=\dimen177
\lineht@=\dimen178
\@envbody=\toks30
\multlinegap=\skip53
\multlinetaggap=\skip54
\mathdisplay@stack=\toks31
LaTeX Info: Redefining \[ on input line 2953.
LaTeX Info: Redefining \] on input line 2954.
) (/usr/local/texlive/2024/texmf-dist/tex/latex/amsfonts/amssymb.sty
Package: amssymb 2013/01/14 v3.01 AMS font symbols
 (/usr/local/texlive/2024/texmf-dist/tex/latex/amsfonts/amsfonts.sty
Package: amsfonts 2013/01/14 v3.01 Basic AMSFonts support
\symAMSa=\mathgroup5
\symAMSb=\mathgroup6
LaTeX Font Info:    Redeclaring math symbol \hbar on input line 98.
LaTeX Font Info:    Overwriting math alphabet `\mathfrak' in version `bold'
(Font)                  U/euf/m/n --> U/euf/b/n on input line 106.
)) (/usr/local/texlive/2024/texmf-dist/tex/latex/tools/bm.sty
Package: bm 2023/12/19 v1.2f Bold Symbol Support (DPC/FMi)
\symboldoperators=\mathgroup7
\symboldletters=\mathgroup8
\symboldsymbols=\mathgroup9
Package bm Info: No bold for \OMX/cmex/m/n, using \pmb.
\symboldmincho=\mathgroup10
Package bm Info: No bold for \U/msa/m/n, using \pmb.
Package bm Info: No bold for \U/msb/m/n, using \pmb.
LaTeX Font Info:    Redeclaring math alphabet \mathbf on input line 149.
) (/usr/local/texlive/2024/texmf-dist/tex/latex/float/float.sty
Package: float 2001/11/08 v1.3d Float enhancements (AL)
\c@float@type=\count340
\float@exts=\toks32
\float@box=\box73
\@float@everytoks=\toks33
\@floatcapt=\box74
) (/usr/local/texlive/2024/texmf-dist/tex/latex/here/here.sty) (/usr/local/texlive/2024/texmf-dist/tex/latex/cite/cite.sty
LaTeX Info: Redefining \cite on input line 302.
LaTeX Info: Redefining \nocite on input line 332.
Package: cite 2015/02/27  v 5.5
)
\@abstractbox=\box75
) (./resume.aux)
\openout1 = resume.aux

LaTeX Font Info:    Checking defaults for OML/cmm/m/it on input line 8.
LaTeX Font Info:    ... okay on input line 8.
LaTeX Font Info:    Checking defaults for OMS/cmsy/m/n on input line 8.
LaTeX Font Info:    ... okay on input line 8.
LaTeX Font Info:    Checking defaults for OT1/cmr/m/n on input line 8.
LaTeX Font Info:    ... okay on input line 8.
LaTeX Font Info:    Checking defaults for T1/cmr/m/n on input line 8.
LaTeX Font Info:    ... okay on input line 8.
LaTeX Font Info:    Checking defaults for TS1/cmr/m/n on input line 8.
LaTeX Font Info:    ... okay on input line 8.
LaTeX Font Info:    Checking defaults for TU/lmr/m/n on input line 8.
LaTeX Font Info:    ... okay on input line 8.
LaTeX Font Info:    Checking defaults for OMX/cmex/m/n on input line 8.
LaTeX Font Info:    ... okay on input line 8.
LaTeX Font Info:    Checking defaults for U/cmr/m/n on input line 8.
LaTeX Font Info:    ... okay on input line 8.
LaTeX Font Info:    Checking defaults for JY3/mc/m/n on input line 8.
LaTeX Font Info:    ... okay on input line 8.
LaTeX Font Info:    Checking defaults for JT3/mc/m/n on input line 8.
LaTeX Font Info:    ... okay on input line 8.
 (/usr/local/texlive/2024/texmf-dist/tex/context/base/mkii/supp-pdf.mkii
[Loading MPS to PDF converter (version 2006.09.02).]
\scratchcounter=\count341
\scratchdimen=\dimen179
\scratchbox=\box76
\nofMPsegments=\count342
\nofMParguments=\count343
\everyMPshowfont=\toks34
\MPscratchCnt=\count344
\MPscratchDim=\dimen180
\MPnumerator=\count345
\makeMPintoPDFobject=\count346
\everyMPtoPDFconversion=\toks35
) (/usr/local/texlive/2024/texmf-dist/tex/latex/epstopdf-pkg/epstopdf-base.sty
Package: epstopdf-base 2020-01-24 v2.11 Base part for package epstopdf
Package epstopdf-base Info: Redefining graphics rule for `.eps' on input line 485.
 (/usr/local/texlive/2024/texmf-dist/tex/latex/latexconfig/epstopdf-sys.cfg
File: epstopdf-sys.cfg 2010/07/13 v1.3 Configuration of (r)epstopdf for TeX Live
))

Package fontspec Info: 
(fontspec)             Adjusting the maths setup (use [no-math] to avoid
(fontspec)             this).

\symlegacymaths=\mathgroup11
LaTeX Font Info:    Overwriting symbol font `legacymaths' in version `bold'
(Font)                  OT1/cmr/m/n --> OT1/cmr/bx/n on input line 8.
LaTeX Font Info:    Redeclaring math accent \acute on input line 8.
LaTeX Font Info:    Redeclaring math accent \grave on input line 8.
LaTeX Font Info:    Redeclaring math accent \ddot on input line 8.
LaTeX Font Info:    Redeclaring math accent \tilde on input line 8.
LaTeX Font Info:    Redeclaring math accent \bar on input line 8.
LaTeX Font Info:    Redeclaring math accent \breve on input line 8.
LaTeX Font Info:    Redeclaring math accent \check on input line 8.
LaTeX Font Info:    Redeclaring math accent \hat on input line 8.
LaTeX Font Info:    Redeclaring math accent \dot on input line 8.
LaTeX Font Info:    Redeclaring math accent \mathring on input line 8.
LaTeX Font Info:    Redeclaring math symbol \Gamma on input line 8.
LaTeX Font Info:    Redeclaring math symbol \Delta on input line 8.
LaTeX Font Info:    Redeclaring math symbol \Theta on input line 8.
LaTeX Font Info:    Redeclaring math symbol \Lambda on input line 8.
LaTeX Font Info:    Redeclaring math symbol \Xi on input line 8.
LaTeX Font Info:    Redeclaring math symbol \Pi on input line 8.
LaTeX Font Info:    Redeclaring math symbol \Sigma on input line 8.
LaTeX Font Info:    Redeclaring math symbol \Upsilon on input line 8.
LaTeX Font Info:    Redeclaring math symbol \Phi on input line 8.
LaTeX Font Info:    Redeclaring math symbol \Psi on input line 8.
LaTeX Font Info:    Redeclaring math symbol \Omega on input line 8.
LaTeX Font Info:    Redeclaring math symbol \mathdollar on input line 8.
LaTeX Font Info:    Redeclaring symbol font `operators' on input line 8.
LaTeX Font Info:    Encoding `OT1' has changed to `TU' for symbol font
(Font)              `operators' in the math version `normal' on input line 8.
LaTeX Font Info:    Overwriting symbol font `operators' in version `normal'
(Font)                  OT1/cmr/m/n --> TU/lmr/m/n on input line 8.
LaTeX Font Info:    Encoding `OT1' has changed to `TU' for symbol font
(Font)              `operators' in the math version `bold' on input line 8.
LaTeX Font Info:    Overwriting symbol font `operators' in version `bold'
(Font)                  OT1/cmr/bx/n --> TU/lmr/m/n on input line 8.
LaTeX Font Info:    Overwriting symbol font `operators' in version `normal'
(Font)                  TU/lmr/m/n --> TU/lmr/m/n on input line 8.
LaTeX Font Info:    Overwriting math alphabet `\mathit' in version `normal'
(Font)                  OT1/cmr/m/it --> TU/lmr/m/it on input line 8.
LaTeX Font Info:    Overwriting math alphabet `\mathbf' in version `normal'
(Font)                  OT1/cmr/bx/n --> TU/lmr/b/n on input line 8.
LaTeX Font Info:    Overwriting math alphabet `\mathsf' in version `normal'
(Font)                  OT1/cmss/m/n --> TU/lmss/m/n on input line 8.
LaTeX Font Info:    Overwriting math alphabet `\mathtt' in version `normal'
(Font)                  OT1/cmtt/m/n --> TU/lmtt/m/n on input line 8.
LaTeX Font Info:    Overwriting symbol font `operators' in version `bold'
(Font)                  TU/lmr/m/n --> TU/lmr/b/n on input line 8.
LaTeX Font Info:    Overwriting math alphabet `\mathit' in version `bold'
(Font)                  OT1/cmr/bx/it --> TU/lmr/b/it on input line 8.
LaTeX Font Info:    Overwriting math alphabet `\mathsf' in version `bold'
(Font)                  OT1/cmss/bx/n --> TU/lmss/b/n on input line 8.
LaTeX Font Info:    Overwriting math alphabet `\mathtt' in version `bold'
(Font)                  OT1/cmtt/m/n --> TU/lmtt/b/n on input line 8.
LaTeX Font Info:    Font shape `JT3/HaranoAjiMincho-Regular.otf(0)/b/n' will be
(Font)              scaled to size 9.24713pt on input line 19.
LaTeX Font Info:    Font shape `JY3/HaranoAjiMincho-Regular.otf(0)/b/n' will be
(Font)              scaled to size 9.24713pt on input line 19.
(load cache: extra_lmroman12-regular.luc)
LaTeX Font Info:    Font shape `JT3/HaranoAjiMincho-Regular.otf(0)/m/n' will be
(Font)              scaled to size 13.31586pt on input line 25.
LaTeX Font Info:    Font shape `JY3/HaranoAjiMincho-Regular.otf(0)/m/n' will be
(Font)              scaled to size 13.31586pt on input line 25.


Class ltjsarticle Warning: deprecated old font command `\bf' used.
(ltjsarticle)              You should note, that since 1994 LaTeX2e provides a
(ltjsarticle)              new font selection scheme called NFSS2 with several
(ltjsarticle)              new, combinable font commands. This ltjsarticle
(ltjsarticle)              class has defined the old font commands like
(ltjsarticle)              `\bf' only for compatibility on input line 25.

(load cache: extra_lmroman12-bold.luc)
LaTeX Font Info:    Font shape `JT3/HaranoAjiMincho-Regular.otf(0)/b/n' will be
(Font)              scaled to size 13.31586pt on input line 25.
LaTeX Font Info:    Font shape `JY3/HaranoAjiMincho-Regular.otf(0)/b/n' will be
(Font)              scaled to size 13.31586pt on input line 25.
LaTeX Font Info:    Font shape `JT3/HaranoAjiMincho-Regular.otf(0)/m/n' will be
(Font)              scaled to size 11.09656pt on input line 25.
LaTeX Font Info:    Font shape `JY3/HaranoAjiMincho-Regular.otf(0)/m/n' will be
(Font)              scaled to size 11.09656pt on input line 25.
(load cache: extra_lmroman6-regular.luc)
LaTeX Font Info:    Font shape `JY3/HaranoAjiMincho-Regular.otf(0)/m/n' will be
(Font)              scaled to size 7.3977pt on input line 25.
LaTeX Font Info:    Font shape `JY3/HaranoAjiMincho-Regular.otf(0)/m/n' will be
(Font)              scaled to size 5.54828pt on input line 25.
LaTeX Font Info:    Trying loading font information for U+msa on input line 25.
(/usr/local/texlive/2024/texmf-dist/tex/latex/amsfonts/umsa.fd
File: umsa.fd 2013/01/14 v3.01 AMS symbols A
)
LaTeX Font Info:    Trying loading font information for U+msb on input line 25.
 (/usr/local/texlive/2024/texmf-dist/tex/latex/amsfonts/umsb.fd
File: umsb.fd 2013/01/14 v3.01 AMS symbols B
)
LaTeX Font Info:    Font shape `JY3/HaranoAjiMincho-Regular.otf(0)/b/n' will be
(Font)              scaled to size 11.09656pt on input line 25.
LaTeX Font Info:    Font shape `JY3/HaranoAjiMincho-Regular.otf(0)/b/n' will be
(Font)              scaled to size 7.3977pt on input line 25.
LaTeX Font Info:    Font shape `JY3/HaranoAjiMincho-Regular.otf(0)/b/n' will be
(Font)              scaled to size 5.54828pt on input line 25.
LaTeX Font Info:    Font shape `JT3/HaranoAjiGothic-Regular.otf(0)/m/n' will be
(Font)              scaled to size 13.31586pt on input line 28.
LaTeX Font Info:    Font shape `JY3/HaranoAjiGothic-Regular.otf(0)/m/n' will be
(Font)              scaled to size 13.31586pt on input line 28.
(load cache: extra_lmsans12-regular.luc)
LaTeX Font Info:    Font shape `JT3/HaranoAjiGothic-Regular.otf(0)/m/n' will be
(Font)              scaled to size 11.09656pt on input line 38.
LaTeX Font Info:    Font shape `JY3/HaranoAjiGothic-Regular.otf(0)/m/n' will be
(Font)              scaled to size 11.09656pt on input line 38.




[1{/usr/local/texlive/2024/texmf-var/fonts/map/pdftex/updmap/pdftex.map}



]
<assets/IHVモデル.png, id=12, 1410.26875pt x 469.755pt>
File: assets/IHVモデル.png Graphic file (type png)
<use assets/IHVモデル.png>
Package luatex.def Info: assets/IHVモデル.png  used on input line 82.
(luatex.def)             Requested size: 170.71652pt x 56.86275pt.
(load cache: extra_lmroman9-regular.luc)
LaTeX Font Info:    Font shape `JT3/HaranoAjiMincho-Regular.otf(0)/m/n' will be
(Font)              scaled to size 8.32242pt on input line 83.
LaTeX Font Info:    Font shape `JY3/HaranoAjiMincho-Regular.otf(0)/m/n' will be
(Font)              scaled to size 8.32242pt on input line 83.
<assets/VCとVP.png, id=13, 680.5425pt x 284.06125pt>
File: assets/VCとVP.png Graphic file (type png)
<use assets/VCとVP.png>
Package luatex.def Info: assets/VCとVP.png  used on input line 89.
(luatex.def)             Requested size: 170.71652pt x 71.25786pt.
<assets/figure1.png, id=14, 746.79pt x 311.1625pt>
File: assets/figure1.png Graphic file (type png)
<use assets/figure1.png>
Package luatex.def Info: assets/figure1.png  used on input line 113.
(luatex.def)             Requested size: 170.71652pt x 71.12906pt.

No file resume.bbl.




[2<./assets/IHVモデル.png><./assets/VCとVP.png><./assets/figure1.png>] (./resume.aux)
 ***********
LaTeX2e <2024-11-01> patch level 1
L3 programming layer <2024-12-25>
 ***********
)

Here is how much of LuaTeX's memory you used:
 8488 strings out of 475518
 195704,794899 words of node,token memory allocated
 1080 words of node memory still in use:
   10 hlist, 2 vlist, 5 rule, 2 glue, 4 kern, 1 glyph, 214 attribute, 55 glue_spec, 31 attribute_list, 1 write, 13 user_defined nodes
   avail lists: 1:22,2:57752,3:316,4:200,5:76,6:38,7:6588,8:6,9:2774,10:23,11:83
 31257 multiletter control sequences out of 65536+600000
 84 fonts using 124784703 bytes
 125i,8n,137p,1917b,412s stack positions out of 10000i,1000n,20000p,200000b,200000s
</usr/local/texlive/2024/texmf-dist/fonts/opentype/public/lm/lmroman9-regular.otf></usr/local/texlive/2024/texmf-dist/fonts/opentype/public/lm/lmroman10-regular.otf></usr/local/texlive/2024/texmf-dist/fonts/opentype/public/haranoaji/HaranoAjiGothic-Regular.otf></usr/local/texlive/2024/texmf-dist/fonts/opentype/public/lm/lmsans12-regular.otf></usr/local/texlive/2024/texmf-dist/fonts/opentype/public/haranoaji/HaranoAjiMincho-Regular.otf></usr/local/texlive/2024/texmf-dist/fonts/opentype/public/lm/lmroman12-regular.otf></usr/local/texlive/2024/texmf-dist/fonts/opentype/public/haranoaji/HaranoAjiMincho-Bold.otf>
Output written on resume.pdf (2 pages, 469405 bytes).

PDF statistics: 66 PDF objects out of 1000 (max. 8388607)
 34 compressed objects within 1 object stream
 0 named destinations out of 1000 (max. 131072)
 1 words of extra memory for PDF output out of 10000 (max. 100000000)

